<?xml version="1.0" encoding="UTF-8"?>
<!-- Generated by org.testng.reporters.JUnitReportReporter -->
<testsuite skipped="0" hostname="DESKTOP-257VOMS" name="CrossBrowser" tests="2" failures="0" timestamp="15 Apr 2023 08:28:43 GMT" time="37.317" errors="0">
  <testcase name="test" time="22.440" classname="CrossBrowser"/>
  <testcase name="test" time="14.877" classname="CrossBrowser"/>
</testsuite> <!-- CrossBrowser -->
